<?xml version="1.0" encoding="UTF-8"?><testsuite errors="1" failures="1" name="com.studentapp.junit.studentsidinfo.FirstSerenityTest" skipped="4" tests="7" time="2.45" timestamp="2019-02-24 01:15:08"><testcase classname="com.studentapp.junit.studentsidinfo.FirstSerenityTest" name="This is a failing test"><failure message="1 expectation failed.&#10;Expected status code &lt;500&gt; but was &lt;200&gt;.&#10;" type="java.lang.AssertionError">1 expectation failed.
Expected status code &lt;500&gt; but was &lt;200&gt;.
</failure><system-err>1 expectation failed.
Expected status code &lt;500&gt; but was &lt;200&gt;.
&#13;
io.restassured.internal.ResponseSpecificationImpl.validateResponseIfRequired(ResponseSpecificationImpl.groovy:643)&#13;
io.restassured.internal.ResponseSpecificationImpl.statusCode(ResponseSpecificationImpl.groovy:122)&#13;
io.restassured.internal.ResponseSpecificationImpl.statusCode(ResponseSpecificationImpl.groovy:130)&#13;
io.restassured.internal.ValidatableResponseOptionsImpl.statusCode(ValidatableResponseOptionsImpl.java:117)&#13;
com.studentapp.junit.studentsidinfo.FirstSerenityTest.thisIsAFailingTest(FirstSerenityTest.java:58)&#13;
</system-err></testcase><testcase classname="com.studentapp.junit.studentsidinfo.FirstSerenityTest" name="This is a pending test"><skipped/></testcase><testcase classname="com.studentapp.junit.studentsidinfo.FirstSerenityTest" name="This is a manual test"><skipped/></testcase><testcase classname="com.studentapp.junit.studentsidinfo.FirstSerenityTest" name="This is a test with error"><error message="/ by zero" type="java.lang.ArithmeticException">/ by zero</error><system-err>/ by zero&#13;
com.studentapp.junit.studentsidinfo.FirstSerenityTest.thisIsATestWithError(FirstSerenityTest.java:75)&#13;
</system-err></testcase><testcase classname="com.studentapp.junit.studentsidinfo.FirstSerenityTest" name="File does not exist"><compromised message="E:\Ruby.text (The system cannot find the path specified)" type="java.io.FileNotFoundException">E:\Ruby.text (The system cannot find the path specified)</compromised><system-err>E:\Ruby.text (The system cannot find the path specified)&#13;
com.studentapp.junit.studentsidinfo.FirstSerenityTest.fileDoesNotExist(FirstSerenityTest.java:81)&#13;
</system-err></testcase><testcase classname="com.studentapp.junit.studentsidinfo.FirstSerenityTest" name="This is an ignored test"><skipped/></testcase><testcase classname="com.studentapp.junit.studentsidinfo.FirstSerenityTest" name="This test will get the information of all students from the Student App"/></testsuite>